TN:
SF:src/App.tsx
FN:4,App
FNF:1
FNH:0
FNDA:0,App
DA:1,0
DA:2,0
DA:5,0
DA:13,0
LF:4
LH:0
BRF:0
BRH:0
end_of_record
TN:
SF:src/components/FormMaker/index.tsx
FN:65,(anonymous_1)
FN:86,(anonymous_2)
FN:95,(anonymous_3)
FN:101,(anonymous_4)
FN:103,(anonymous_5)
FN:105,(anonymous_6)
FN:108,(anonymous_7)
FN:116,(anonymous_8)
FN:122,(anonymous_9)
FN:123,(anonymous_10)
FN:126,(anonymous_11)
FN:132,(anonymous_12)
FN:133,(anonymous_13)
FN:135,(anonymous_14)
FN:140,(anonymous_15)
FN:184,(anonymous_16)
FN:192,(anonymous_17)
FN:194,(anonymous_18)
FN:201,(anonymous_19)
FN:210,(anonymous_20)
FN:224,(anonymous_21)
FN:230,(anonymous_22)
FN:236,(anonymous_23)
FN:242,(anonymous_24)
FN:252,(anonymous_25)
FN:268,(anonymous_26)
FN:274,(anonymous_27)
FN:279,(anonymous_28)
FN:288,(anonymous_29)
FN:296,(anonymous_30)
FN:298,(anonymous_31)
FN:310,(anonymous_32)
FN:318,(anonymous_33)
FN:328,(anonymous_34)
FN:332,(anonymous_35)
FN:347,(anonymous_36)
FN:362,(anonymous_37)
FN:375,(anonymous_38)
FN:392,(anonymous_39)
FN:405,(anonymous_40)
FN:419,(anonymous_41)
FN:422,(anonymous_42)
FN:463,(anonymous_43)
FN:466,(anonymous_44)
FN:469,(anonymous_45)
FN:476,(anonymous_46)
FNF:46
FNH:0
FNDA:0,(anonymous_1)
FNDA:0,(anonymous_2)
FNDA:0,(anonymous_3)
FNDA:0,(anonymous_4)
FNDA:0,(anonymous_5)
FNDA:0,(anonymous_6)
FNDA:0,(anonymous_7)
FNDA:0,(anonymous_8)
FNDA:0,(anonymous_9)
FNDA:0,(anonymous_10)
FNDA:0,(anonymous_11)
FNDA:0,(anonymous_12)
FNDA:0,(anonymous_13)
FNDA:0,(anonymous_14)
FNDA:0,(anonymous_15)
FNDA:0,(anonymous_16)
FNDA:0,(anonymous_17)
FNDA:0,(anonymous_18)
FNDA:0,(anonymous_19)
FNDA:0,(anonymous_20)
FNDA:0,(anonymous_21)
FNDA:0,(anonymous_22)
FNDA:0,(anonymous_23)
FNDA:0,(anonymous_24)
FNDA:0,(anonymous_25)
FNDA:0,(anonymous_26)
FNDA:0,(anonymous_27)
FNDA:0,(anonymous_28)
FNDA:0,(anonymous_29)
FNDA:0,(anonymous_30)
FNDA:0,(anonymous_31)
FNDA:0,(anonymous_32)
FNDA:0,(anonymous_33)
FNDA:0,(anonymous_34)
FNDA:0,(anonymous_35)
FNDA:0,(anonymous_36)
FNDA:0,(anonymous_37)
FNDA:0,(anonymous_38)
FNDA:0,(anonymous_39)
FNDA:0,(anonymous_40)
FNDA:0,(anonymous_41)
FNDA:0,(anonymous_42)
FNDA:0,(anonymous_43)
FNDA:0,(anonymous_44)
FNDA:0,(anonymous_45)
FNDA:0,(anonymous_46)
DA:1,0
DA:2,0
DA:3,0
DA:4,0
DA:5,0
DA:8,0
DA:65,0
DA:66,0
DA:69,0
DA:82,0
DA:86,0
DA:87,0
DA:88,0
DA:89,0
DA:90,0
DA:91,0
DA:92,0
DA:93,0
DA:95,0
DA:96,0
DA:97,0
DA:100,0
DA:103,0
DA:104,0
DA:105,0
DA:106,0
DA:107,0
DA:108,0
DA:116,0
DA:117,0
DA:118,0
DA:122,0
DA:123,0
DA:126,0
DA:127,0
DA:128,0
DA:132,0
DA:133,0
DA:134,0
DA:135,0
DA:140,0
DA:145,0
DA:146,0
DA:148,0
DA:149,0
DA:150,0
DA:151,0
DA:152,0
DA:153,0
DA:154,0
DA:159,0
DA:160,0
DA:163,0
DA:164,0
DA:165,0
DA:166,0
DA:170,0
DA:171,0
DA:172,0
DA:173,0
DA:174,0
DA:175,0
DA:178,0
DA:179,0
DA:180,0
DA:181,0
DA:184,0
DA:185,0
DA:186,0
DA:187,0
DA:188,0
DA:190,0
DA:191,0
DA:192,0
DA:193,0
DA:194,0
DA:195,0
DA:197,0
DA:201,0
DA:202,0
DA:203,0
DA:204,0
DA:205,0
DA:206,0
DA:210,0
DA:211,0
DA:212,0
DA:213,0
DA:214,0
DA:215,0
DA:219,0
DA:224,0
DA:230,0
DA:236,0
DA:242,0
DA:252,0
DA:268,0
DA:275,0
DA:279,0
DA:288,0
DA:296,0
DA:299,0
DA:310,0
DA:318,0
DA:329,0
DA:332,0
DA:348,0
DA:363,0
DA:376,0
DA:393,0
DA:406,0
DA:420,0
DA:422,0
DA:464,0
DA:466,0
DA:469,0
DA:476,0
DA:492,0
LF:118
LH:0
BRDA:106,0,0,0
BRDA:106,1,0,0
BRDA:106,1,1,0
BRDA:117,2,0,0
BRDA:117,3,0,0
BRDA:117,3,1,0
BRDA:127,4,0,0
BRDA:134,5,0,0
BRDA:134,5,1,0
BRDA:148,6,0,0
BRDA:148,6,1,0
BRDA:153,7,0,0
BRDA:153,7,1,0
BRDA:159,8,0,0
BRDA:159,9,0,0
BRDA:159,9,1,0
BRDA:165,10,0,0
BRDA:165,10,1,0
BRDA:170,11,0,0
BRDA:170,11,1,0
BRDA:170,12,0,0
BRDA:170,12,1,0
BRDA:172,13,0,0
BRDA:172,13,1,0
BRDA:174,14,0,0
BRDA:186,15,0,0
BRDA:202,16,0,0
BRDA:212,17,0,0
BRDA:223,18,0,0
BRDA:223,18,1,0
BRDA:229,19,0,0
BRDA:229,19,1,0
BRDA:235,20,0,0
BRDA:235,20,1,0
BRDA:241,21,0,0
BRDA:241,21,1,0
BRDA:248,22,0,0
BRDA:248,22,1,0
BRDA:260,23,0,0
BRDA:260,23,1,0
BRDA:277,24,0,0
BRDA:277,24,1,0
BRDA:280,25,0,0
BRDA:280,25,1,0
BRDA:316,26,0,0
BRDA:316,26,1,0
BRDA:322,27,0,0
BRDA:322,27,1,0
BRDA:322,27,2,0
BRDA:327,28,0,0
BRDA:327,28,1,0
BRDA:355,29,0,0
BRDA:355,29,1,0
BRDA:361,30,0,0
BRDA:361,30,1,0
BRDA:374,31,0,0
BRDA:374,31,1,0
BRDA:385,32,0,0
BRDA:385,32,1,0
BRDA:391,33,0,0
BRDA:391,33,1,0
BRDA:404,34,0,0
BRDA:404,34,1,0
BRDA:439,35,0,0
BRDA:439,35,1,0
BRDA:446,36,0,0
BRDA:446,36,1,0
BRDA:448,37,0,0
BRDA:448,37,1,0
BRDA:455,38,0,0
BRDA:455,38,1,0
BRDA:461,39,0,0
BRDA:461,39,1,0
BRF:73
BRH:0
end_of_record
TN:
SF:src/constants/common-constants.ts
FNF:0
FNH:0
DA:1,0
LF:1
LH:0
BRF:0
BRH:0
end_of_record
TN:
SF:src/constants/index.ts
FNF:0
FNH:0
DA:1,0
LF:1
LH:0
BRF:0
BRH:0
end_of_record
TN:
SF:src/services/index.ts
FN:7,(anonymous_0)
FN:19,(anonymous_1)
FN:32,(anonymous_2)
FN:42,(anonymous_3)
FN:55,(anonymous_4)
FNF:5
FNH:0
FNDA:0,(anonymous_0)
FNDA:0,(anonymous_1)
FNDA:0,(anonymous_2)
FNDA:0,(anonymous_3)
FNDA:0,(anonymous_4)
DA:7,0
DA:8,0
DA:9,0
DA:10,0
DA:12,0
DA:13,0
DA:15,0
DA:19,0
DA:20,0
DA:21,0
DA:22,0
DA:24,0
DA:25,0
DA:27,0
DA:28,0
DA:32,0
DA:33,0
DA:34,0
DA:35,0
DA:37,0
DA:38,0
DA:42,0
DA:43,0
DA:44,0
DA:45,0
DA:47,0
DA:48,0
DA:49,0
DA:51,0
DA:55,0
DA:56,0
LF:31
LH:0
BRDA:10,0,0,0
BRDA:10,0,1,0
BRDA:22,1,0,0
BRDA:25,2,0,0
BRDA:25,2,1,0
BRDA:35,3,0,0
BRDA:35,3,1,0
BRDA:45,4,0,0
BRF:8
BRH:0
end_of_record
TN:
SF:src/types/form-types.ts
FN:1,(anonymous_0)
FNF:1
FNH:0
FNDA:0,(anonymous_0)
DA:1,0
DA:2,0
DA:3,0
DA:4,0
DA:5,0
LF:5
LH:0
BRDA:1,0,0,0
BRDA:1,0,1,0
BRF:2
BRH:0
end_of_record
TN:
SF:src/types/index.ts
FN:3,(anonymous_4)
FNF:1
FNH:0
FNDA:0,(anonymous_4)
DA:1,0
DA:3,0
DA:4,0
DA:5,0
DA:6,0
DA:7,0
LF:6
LH:0
BRDA:3,0,0,0
BRDA:3,0,1,0
BRF:2
BRH:0
end_of_record
TN:
SF:src/utils/common-utils.ts
FN:1,(anonymous_0)
FN:3,(anonymous_1)
FN:5,(anonymous_2)
FNF:3
FNH:0
FNDA:0,(anonymous_0)
FNDA:0,(anonymous_1)
FNDA:0,(anonymous_2)
DA:1,0
DA:3,0
DA:4,0
DA:5,0
DA:6,0
LF:5
LH:0
BRF:0
BRH:0
end_of_record
TN:
SF:src/utils/index.ts
FNF:0
FNH:0
DA:1,0
DA:2,0
LF:2
LH:0
BRF:0
BRH:0
end_of_record
